POST undefined - 2025-06-03 13:32:33
GET undefined - 2025-06-03 13:32:43
POST undefined - 2025-06-03 13:35:24
POST undefined - 2025-06-03 13:39:00
POST undefined - 2025-06-03 13:41:28
POST undefined - 2025-06-03 13:42:54
POST undefined - 2025-06-03 13:48:12
POST undefined - 2025-06-03 13:50:12
POST undefined - 2025-06-03 13:52:13
GET undefined - 2025-06-03 13:52:24
GET undefined - 2025-06-03 13:54:12
POST undefined - 2025-06-03 13:55:09
GET undefined - 2025-06-03 13:55:20
GET undefined - 2025-06-03 13:55:41
GET undefined - 2025-06-03 13:55:52
GET undefined - 2025-06-03 14:01:35
GET undefined - 2025-06-03 14:01:56
GET undefined - 2025-06-03 14:03:27
GET undefined - 2025-06-03 14:05:05
GET undefined - 2025-06-03 14:08:55
GET undefined - 2025-06-03 14:12:45
POST /api/v1/blocks/ - 2025-06-03 15:44:07
GET /api/v1/blocks/ - 2025-06-03 15:46:05
GET /api/v1/blocks/ea3b8f83d3c040c7ba01780bddc050a - 2025-06-03 15:46:16
GET /api/v1/blocks/ea3b8f83d3c040c7ba01780bddc050a - 2025-06-03 15:48:05
GET /api/v1/blocks - 2025-06-03 15:48:53
GET /api/v1/blocks/cc1f2b4d28844dcaaabf4702d94255c5 - 2025-06-03 15:49:02
GET /api/v1/blocks/cc1f2b4d28844dcaaabf4702d94255c5s - 2025-06-03 15:49:11
GET /api/v1/blocks/cc1f2b4d28844dcaaabf4702d94255c5s - 2025-06-03 15:50:40
GET /api/v1/blocks/cc1f2b4d28844dcaaabf4702d94255c5s - 2025-06-03 15:52:07
GET /api/v1/block - 2025-06-03 15:52:49
GET /api/v1/blocks/gdfg - 2025-06-03 15:54:07
GET /api/v1/blocks/gdfg - 2025-06-03 15:55:45
GET /api/v1/blocks/ - 2025-06-03 15:55:54
GET /api/v1/blocks/ea3b8f83d3c040c7ba01780bddc050a5 - 2025-06-03 15:56:04
